# JRE version: OpenJDK Runtime Environment (16.0.2+7) (build 16.0.2+7-67)
# Java VM: OpenJDK 64-Bit Server VM (16.0.2+7-67, mixed mode, sharing, tiered, compressed oops, compressed class ptrs, g1 gc, windows-amd64)
GC Precious Log:
 CPUs: 8 total, 8 available
 Memory: 16267M
 Large Page Support: Disabled
 NUMA Support: Disabled
 Compressed Oops: Enabled (32-bit)
 Heap Region Size: 1M
 Heap Min Capacity: 8M
 Heap Initial Capacity: 256M
 Heap Max Capacity: 2G
 Pre-touch: Disabled
 Parallel Workers: 8
 Concurrent Workers: 2
 Concurrent Refinement Workers: 8
 Periodic GC: Disabled
Heap:
 garbage-first heap   total 188416K, used 115496K [0x0000000080000000, 0x0000000100000000)
  region size 1024K, 13 young (13312K), 5 survivors (5120K)
 Metaspace       used 74078K, committed 74688K, reserved 1114112K
  class space    used 9793K, committed 10112K, reserved 1048576K
GC Heap History (20 events):
Event: 14.350 GC heap before
{Heap before GC invocations=27 (full 0):
 garbage-first heap   total 102400K, used 80897K [0x0000000080000000, 0x0000000100000000)
  region size 1024K, 26 young (26624K), 3 survivors (3072K)
 Metaspace       used 64626K, committed 65152K, reserved 1105920K
  class space    used 8736K, committed 8960K, reserved 1048576K
}
Event: 14.362 GC heap after
{Heap after GC invocations=28 (full 0):
 garbage-first heap   total 102400K, used 59191K [0x0000000080000000, 0x0000000100000000)
  region size 1024K, 4 young (4096K), 4 survivors (4096K)
 Metaspace       used 64626K, committed 65152K, reserved 1105920K
  class space    used 8736K, committed 8960K, reserved 1048576K
}
Event: 15.270 GC heap before
{Heap before GC invocations=28 (full 0):
 garbage-first heap   total 102400K, used 83767K [0x0000000080000000, 0x0000000100000000)
  region size 1024K, 28 young (28672K), 4 survivors (4096K)
 Metaspace       used 66796K, committed 67392K, reserved 1114112K
  class space    used 9080K, committed 9344K, reserved 1048576K
}
Event: 15.285 GC heap after
{Heap after GC invocations=29 (full 0):
 garbage-first heap   total 102400K, used 61398K [0x0000000080000000, 0x0000000100000000)
  region size 1024K, 4 young (4096K), 4 survivors (4096K)
 Metaspace       used 66796K, committed 67392K, reserved 1114112K
  class space    used 9080K, committed 9344K, reserved 1048576K
}
Event: 16.120 GC heap before
{Heap before GC invocations=30 (full 0):
 garbage-first heap   total 111616K, used 82902K [0x0000000080000000, 0x0000000100000000)
  region size 1024K, 26 young (26624K), 4 survivors (4096K)
 Metaspace       used 67852K, committed 68416K, reserved 1114112K
  class space    used 9258K, committed 9536K, reserved 1048576K
}
Event: 16.137 GC heap after
{Heap after GC invocations=31 (full 0):
 garbage-first heap   total 111616K, used 63432K [0x0000000080000000, 0x0000000100000000)
  region size 1024K, 3 young (3072K), 3 survivors (3072K)
 Metaspace       used 67852K, committed 68416K, reserved 1114112K
  class space    used 9258K, committed 9536K, reserved 1048576K
}
Event: 16.987 GC heap before
{Heap before GC invocations=31 (full 0):
 garbage-first heap   total 111616K, used 90056K [0x0000000080000000, 0x0000000100000000)
  region size 1024K, 30 young (30720K), 3 survivors (3072K)
 Metaspace       used 68192K, committed 68800K, reserved 1114112K
  class space    used 9279K, committed 9600K, reserved 1048576K
}
Event: 17.001 GC heap after
{Heap after GC invocations=32 (full 0):
 garbage-first heap   total 134144K, used 65204K [0x0000000080000000, 0x0000000100000000)
  region size 1024K, 4 young (4096K), 4 survivors (4096K)
 Metaspace       used 68192K, committed 68800K, reserved 1114112K
  class space    used 9279K, committed 9600K, reserved 1048576K
}
Event: 24.558 GC heap before
{Heap before GC invocations=33 (full 0):
 garbage-first heap   total 134144K, used 106164K [0x0000000080000000, 0x0000000100000000)
  region size 1024K, 45 young (46080K), 4 survivors (4096K)
 Metaspace       used 70051K, committed 70656K, reserved 1114112K
  class space    used 9446K, committed 9728K, reserved 1048576K
}
Event: 24.573 GC heap after
{Heap after GC invocations=34 (full 0):
 garbage-first heap   total 134144K, used 69160K [0x0000000080000000, 0x0000000100000000)
  region size 1024K, 6 young (6144K), 6 survivors (6144K)
 Metaspace       used 70051K, committed 70656K, reserved 1114112K
  class space    used 9446K, committed 9728K, reserved 1048576K
}
Event: 25.069 GC heap before
{Heap before GC invocations=34 (full 0):
 garbage-first heap   total 134144K, used 81448K [0x0000000080000000, 0x0000000100000000)
  region size 1024K, 19 young (19456K), 6 survivors (6144K)
 Metaspace       used 70126K, committed 70656K, reserved 1114112K
  class space    used 9446K, committed 9728K, reserved 1048576K
}
Event: 25.088 GC heap after
{Heap after GC invocations=35 (full 0):
 garbage-first heap   total 134144K, used 74531K [0x0000000080000000, 0x0000000100000000)
  region size 1024K, 5 young (5120K), 5 survivors (5120K)
 Metaspace       used 70126K, committed 70656K, reserved 1114112K
  class space    used 9446K, committed 9728K, reserved 1048576K
}
Event: 26.037 GC heap before
{Heap before GC invocations=36 (full 0):
 garbage-first heap   total 145408K, used 104227K [0x0000000080000000, 0x0000000100000000)
  region size 1024K, 32 young (32768K), 5 survivors (5120K)
 Metaspace       used 70794K, committed 71360K, reserved 1114112K
  class space    used 9494K, committed 9792K, reserved 1048576K
}
Event: 26.059 GC heap after
{Heap after GC invocations=37 (full 0):
 garbage-first heap   total 145408K, used 84867K [0x0000000080000000, 0x0000000100000000)
  region size 1024K, 4 young (4096K), 4 survivors (4096K)
 Metaspace       used 70794K, committed 71360K, reserved 1114112K
  class space    used 9494K, committed 9792K, reserved 1048576K
}
Event: 26.327 GC heap before
{Heap before GC invocations=37 (full 0):
 garbage-first heap   total 145408K, used 95107K [0x0000000080000000, 0x0000000100000000)
  region size 1024K, 16 young (16384K), 4 survivors (4096K)
 Metaspace       used 71625K, committed 72192K, reserved 1114112K
  class space    used 9574K, committed 9856K, reserved 1048576K
}
Event: 26.341 GC heap after
{Heap after GC invocations=38 (full 0):
 garbage-first heap   total 145408K, used 87310K [0x0000000080000000, 0x0000000100000000)
  region size 1024K, 3 young (3072K), 3 survivors (3072K)
 Metaspace       used 71625K, committed 72192K, reserved 1114112K
  class space    used 9574K, committed 9856K, reserved 1048576K
}
Event: 27.141 GC heap before
{Heap before GC invocations=39 (full 0):
 garbage-first heap   total 186368K, used 115982K [0x0000000080000000, 0x0000000100000000)
  region size 1024K, 21 young (21504K), 3 survivors (3072K)
 Metaspace       used 73838K, committed 74368K, reserved 1114112K
  class space    used 9785K, committed 10048K, reserved 1048576K
}
Event: 27.153 GC heap after
{Heap after GC invocations=40 (full 0):
 garbage-first heap   total 186368K, used 103546K [0x0000000080000000, 0x0000000100000000)
  region size 1024K, 4 young (4096K), 4 survivors (4096K)
 Metaspace       used 73838K, committed 74368K, reserved 1114112K
  class space    used 9785K, committed 10048K, reserved 1048576K
}
Event: 28.005 GC heap before
{Heap before GC invocations=41 (full 0):
 garbage-first heap   total 188416K, used 125050K [0x0000000080000000, 0x0000000100000000)
  region size 1024K, 25 young (25600K), 4 survivors (4096K)
 Metaspace       used 74065K, committed 74688K, reserved 1114112K
  class space    used 9793K, committed 10112K, reserved 1048576K
}
Event: 28.018 GC heap after
{Heap after GC invocations=42 (full 0):
 garbage-first heap   total 188416K, used 107304K [0x0000000080000000, 0x0000000100000000)
  region size 1024K, 5 young (5120K), 5 survivors (5120K)
 Metaspace       used 74065K, committed 74688K, reserved 1114112K
  class space    used 9793K, committed 10112K, reserved 1048576K
}

